<?xml version="1.0" encoding="UTF-8"?>
<!-- Generated by org.testng.reporters.JUnitReportReporter -->
<testsuite hostname="DESKTOP-CPSCNVK" failures="0" tests="1" name="webdriverMaven.Assignment3_Amazon_Assertion" time="24.135" errors="0" timestamp="2025-04-24T18:42:06 IST" skipped="0">
  <testcase classname="webdriverMaven.Assignment3_Amazon_Assertion" name="verifyItemAddedToCart" time="24.135"/>
</testsuite> <!-- webdriverMaven.Assignment3_Amazon_Assertion -->
